-------------------------------------------------------------------------------
Test set: com.example.jsonplaceholderclone.security.JwtTokenProviderTest
-------------------------------------------------------------------------------
Tests run: 6, Failures: 0, Errors: 5, Skipped: 0, Time elapsed: 0.368 s <<< FAILURE! -- in com.example.jsonplaceholderclone.security.JwtTokenProviderTest
com.example.jsonplaceholderclone.security.JwtTokenProviderTest.validateToken_WithValidToken_ShouldReturnTrue -- Time elapsed: 0.035 s <<< ERROR!
java.lang.ClassCastException: class java.lang.String cannot be cast to class org.springframework.security.core.userdetails.UserDetails (java.lang.String is in module java.base of loader 'bootstrap'; org.springframework.security.core.userdetails.UserDetails is in unnamed module of loader 'app')
	at com.example.jsonplaceholderclone.security.JwtTokenProvider.generateToken(JwtTokenProvider.java:27)
	at com.example.jsonplaceholderclone.security.JwtTokenProviderTest.validateToken_WithValidToken_ShouldReturnTrue(JwtTokenProviderTest.java:72)
	at java.base/java.lang.reflect.Method.invoke(Method.java:580)
	at java.base/java.util.ArrayList.forEach(ArrayList.java:1597)
	at java.base/java.util.ArrayList.forEach(ArrayList.java:1597)

com.example.jsonplaceholderclone.security.JwtTokenProviderTest.getClaims_ShouldReturnValidClaims -- Time elapsed: 0.005 s <<< ERROR!
java.lang.ClassCastException: class java.lang.String cannot be cast to class org.springframework.security.core.userdetails.UserDetails (java.lang.String is in module java.base of loader 'bootstrap'; org.springframework.security.core.userdetails.UserDetails is in unnamed module of loader 'app')
	at com.example.jsonplaceholderclone.security.JwtTokenProvider.generateToken(JwtTokenProvider.java:27)
	at com.example.jsonplaceholderclone.security.JwtTokenProviderTest.getClaims_ShouldReturnValidClaims(JwtTokenProviderTest.java:123)
	at java.base/java.lang.reflect.Method.invoke(Method.java:580)
	at java.base/java.util.ArrayList.forEach(ArrayList.java:1597)
	at java.base/java.util.ArrayList.forEach(ArrayList.java:1597)

com.example.jsonplaceholderclone.security.JwtTokenProviderTest.validateToken_WithExpiredToken_ShouldReturnFalse -- Time elapsed: 0.003 s <<< ERROR!
java.lang.IllegalArgumentException: Can not set int field com.example.jsonplaceholderclone.security.JwtTokenProvider.jwtExpirationInMs to java.lang.Long
	at java.base/jdk.internal.reflect.FieldAccessorImpl.throwSetIllegalArgumentException(FieldAccessorImpl.java:228)
	at java.base/jdk.internal.reflect.FieldAccessorImpl.throwSetIllegalArgumentException(FieldAccessorImpl.java:232)
	at java.base/jdk.internal.reflect.MethodHandleIntegerFieldAccessorImpl.set(MethodHandleIntegerFieldAccessorImpl.java:127)
	at java.base/java.lang.reflect.Field.set(Field.java:836)
	at org.springframework.util.ReflectionUtils.setField(ReflectionUtils.java:651)
	at org.springframework.test.util.ReflectionTestUtils.setField(ReflectionTestUtils.java:201)
	at org.springframework.test.util.ReflectionTestUtils.setField(ReflectionTestUtils.java:107)
	at org.springframework.test.util.ReflectionTestUtils.setField(ReflectionTestUtils.java:91)
	at com.example.jsonplaceholderclone.security.JwtTokenProviderTest.validateToken_WithExpiredToken_ShouldReturnFalse(JwtTokenProviderTest.java:98)
	at java.base/java.lang.reflect.Method.invoke(Method.java:580)
	at java.base/java.util.ArrayList.forEach(ArrayList.java:1597)
	at java.base/java.util.ArrayList.forEach(ArrayList.java:1597)

com.example.jsonplaceholderclone.security.JwtTokenProviderTest.getUsername_ShouldReturnUsernameFromToken -- Time elapsed: 0.011 s <<< ERROR!
java.lang.ClassCastException: class java.lang.String cannot be cast to class org.springframework.security.core.userdetails.UserDetails (java.lang.String is in module java.base of loader 'bootstrap'; org.springframework.security.core.userdetails.UserDetails is in unnamed module of loader 'app')
	at com.example.jsonplaceholderclone.security.JwtTokenProvider.generateToken(JwtTokenProvider.java:27)
	at com.example.jsonplaceholderclone.security.JwtTokenProviderTest.getUsername_ShouldReturnUsernameFromToken(JwtTokenProviderTest.java:55)
	at java.base/java.lang.reflect.Method.invoke(Method.java:580)
	at java.base/java.util.ArrayList.forEach(ArrayList.java:1597)
	at java.base/java.util.ArrayList.forEach(ArrayList.java:1597)

com.example.jsonplaceholderclone.security.JwtTokenProviderTest.generateToken_ShouldCreateValidToken -- Time elapsed: 0 s <<< ERROR!
java.lang.ClassCastException: class java.lang.String cannot be cast to class org.springframework.security.core.userdetails.UserDetails (java.lang.String is in module java.base of loader 'bootstrap'; org.springframework.security.core.userdetails.UserDetails is in unnamed module of loader 'app')
	at com.example.jsonplaceholderclone.security.JwtTokenProvider.generateToken(JwtTokenProvider.java:27)
	at com.example.jsonplaceholderclone.security.JwtTokenProviderTest.generateToken_ShouldCreateValidToken(JwtTokenProviderTest.java:39)
	at java.base/java.lang.reflect.Method.invoke(Method.java:580)
	at java.base/java.util.ArrayList.forEach(ArrayList.java:1597)
	at java.base/java.util.ArrayList.forEach(ArrayList.java:1597)

