<?xml version="1.0" encoding="UTF-8"?>
<testsuite xmlns:xsi="http://www.w3.org/2001/XMLSchema-instance" xsi:noNamespaceSchemaLocation="https://maven.apache.org/surefire/maven-surefire-plugin/xsd/surefire-test-report-3.0.xsd" version="3.0" name="com.example.jsonplaceholderclone.controller.UserControllerTest" time="8.016" tests="7" errors="0" skipped="0" failures="4">
  <properties>
[...]
</properties>
  <testcase name="updateUser_WhenUserDoesNotExist_ShouldReturnNotFound" classname="com.example.jsonplaceholderclone.controller.UserControllerTest" time="0.527">
    <failure message="Status expected:&lt;404&gt; but was:&lt;403&gt;" type="java.lang.AssertionError"><![CDATA[java.lang.AssertionError: Status expected:<404> but was:<403>
	at org.springframework.test.util.AssertionErrors.fail(AssertionErrors.java:59)
	at org.springframework.test.util.AssertionErrors.assertEquals(AssertionErrors.java:122)
	at org.springframework.test.web.servlet.result.StatusResultMatchers.lambda$matcher$9(StatusResultMatchers.java:637)
	at org.springframework.test.web.servlet.MockMvc$1.andExpect(MockMvc.java:214)
	at com.example.jsonplaceholderclone.controller.UserControllerTest.updateUser_WhenUserDoesNotExist_ShouldReturnNotFound(UserControllerTest.java:120)
	at java.base/java.lang.reflect.Method.invoke(Method.java:580)
	at java.base/java.util.ArrayList.forEach(ArrayList.java:1597)
	at java.base/java.util.ArrayList.forEach(ArrayList.java:1597)
]]></failure>
    <system-out><![CDATA[2025-06-13T17:55:10.671+02:00  INFO 19296 --- [           main] t.c.s.AnnotationConfigContextLoaderUtils : Could not detect default configuration classes for test class [com.example.jsonplaceholderclone.controller.UserControllerTest]: UserControllerTest does not declare any static, non-private, non-final, nested classes annotated with @Configuration.
2025-06-13T17:55:10.824+02:00  INFO 19296 --- [           main] .b.t.c.SpringBootTestContextBootstrapper : Found @SpringBootConfiguration com.example.jsonplaceholderclone.JsonPlaceholderCloneApplication for test class com.example.jsonplaceholderclone.controller.UserControllerTest

  .   ____          _            __ _ _
 /\\ / ___'_ __ _ _(_)_ __  __ _ \ \ \ \
( ( )\___ | '_ | '_| | '_ \/ _` | \ \ \ \
 \\/  ___)| |_)| | | | | || (_| |  ) ) ) )
  '  |____| .__|_| |_|_| |_\__, | / / / /
 =========|_|==============|___/=/_/_/_/
 :: Spring Boot ::                (v3.2.3)

2025-06-13T17:55:10.982+02:00  INFO 19296 --- [           main] c.e.j.controller.UserControllerTest      : Starting UserControllerTest using Java 23.0.1 with PID 19296 (started by user in C:\Users\user\Documents\ai-homework-2\backend)
2025-06-13T17:55:10.991+02:00 DEBUG 19296 --- [           main] c.e.j.controller.UserControllerTest      : Running with Spring Boot v3.2.3, Spring v6.1.4
2025-06-13T17:55:10.991+02:00  INFO 19296 --- [           main] c.e.j.controller.UserControllerTest      : No active profile set, falling back to 1 default profile: "default"
2025-06-13T17:55:16.053+02:00  WARN 19296 --- [           main] .s.s.UserDetailsServiceAutoConfiguration : 

Using generated security password: a4087f4a-6b2a-4dc8-8f14-c09a9a3e40a0

This generated password is for development use only. Your security configuration must be updated before running your application in production.

2025-06-13T17:55:17.016+02:00  INFO 19296 --- [           main] o.s.s.web.DefaultSecurityFilterChain     : Will secure any request with [org.springframework.security.web.session.DisableEncodeUrlFilter@a55e82a, org.springframework.security.web.context.request.async.WebAsyncManagerIntegrationFilter@70ee9d31, org.springframework.security.web.context.SecurityContextHolderFilter@3c7d8a4, org.springframework.security.web.header.HeaderWriterFilter@6c66ddab, org.springframework.web.filter.CorsFilter@1a01ffff, org.springframework.security.web.csrf.CsrfFilter@3ba46845, org.springframework.security.web.authentication.logout.LogoutFilter@59f76e56, org.springframework.security.web.authentication.UsernamePasswordAuthenticationFilter@1fbd5e0, org.springframework.security.web.authentication.ui.DefaultLoginPageGeneratingFilter@1d444652, org.springframework.security.web.authentication.ui.DefaultLogoutPageGeneratingFilter@a99c42c, org.springframework.security.web.authentication.www.BasicAuthenticationFilter@aee05f4, org.springframework.security.web.savedrequest.RequestCacheAwareFilter@43423d40, org.springframework.security.web.servletapi.SecurityContextHolderAwareRequestFilter@5f3f57ff, org.springframework.security.web.authentication.AnonymousAuthenticationFilter@2fa879ed, org.springframework.security.web.access.ExceptionTranslationFilter@12a6e8ed, org.springframework.security.web.access.intercept.AuthorizationFilter@77856cc5]
2025-06-13T17:55:17.417+02:00  INFO 19296 --- [           main] o.s.b.t.m.w.SpringBootMockServletContext : Initializing Spring TestDispatcherServlet ''
2025-06-13T17:55:17.417+02:00  INFO 19296 --- [           main] o.s.t.web.servlet.TestDispatcherServlet  : Initializing Servlet ''
2025-06-13T17:55:17.422+02:00  INFO 19296 --- [           main] o.s.t.web.servlet.TestDispatcherServlet  : Completed initialization in 5 ms
2025-06-13T17:55:17.533+02:00  INFO 19296 --- [           main] c.e.j.controller.UserControllerTest      : Started UserControllerTest in 6.683 seconds (process running for 18.552)
2025-06-13T17:55:17.935+02:00 DEBUG 19296 --- [           main] w.c.HttpSessionSecurityContextRepository : Created HttpSession as SecurityContext is non-default
2025-06-13T17:55:17.937+02:00 DEBUG 19296 --- [           main] w.c.HttpSessionSecurityContextRepository : Stored SecurityContextImpl [Authentication=UsernamePasswordAuthenticationToken [Principal=org.springframework.security.core.userdetails.User [Username=user, Password=[PROTECTED], Enabled=true, AccountNonExpired=true, CredentialsNonExpired=true, AccountNonLocked=true, Granted Authorities=[ROLE_USER]], Credentials=[PROTECTED], Authenticated=true, Details=null, Granted Authorities=[ROLE_USER]]] to HttpSession [org.springframework.mock.web.MockHttpSession@684b26b7]
2025-06-13T17:55:17.992+02:00 DEBUG 19296 --- [           main] o.s.security.web.FilterChainProxy        : Securing PUT /api/users/1
2025-06-13T17:55:18.025+02:00 DEBUG 19296 --- [           main] o.s.security.web.csrf.CsrfFilter         : Invalid CSRF token found for http://localhost/api/users/1
2025-06-13T17:55:18.027+02:00 DEBUG 19296 --- [           main] o.s.s.w.access.AccessDeniedHandlerImpl   : Responding with 403 status code

MockHttpServletRequest:
      HTTP Method = PUT
      Request URI = /api/users/1
       Parameters = {}
          Headers = [Content-Type:"application/json;charset=UTF-8", Content-Length:"346"]
             Body = {"id":1,"name":"Test User","username":"testuser","email":"test@example.com","address":{"id":1,"street":"Test Street","suite":"Test Suite","city":"Test City","zipcode":"12345","geo":null},"phone":"1234567890","website":"www.example.com","company":{"id":1,"name":"Test Company","catchPhrase":"Test Catch Phrase","bs":"Test BS"},"passwordHash":null}
    Session Attrs = {org.springframework.security.web.csrf.HttpSessionCsrfTokenRepository.CSRF_TOKEN=org.springframework.security.web.csrf.DefaultCsrfToken@539ee811, SPRING_SECURITY_CONTEXT=SecurityContextImpl [Authentication=UsernamePasswordAuthenticationToken [Principal=org.springframework.security.core.userdetails.User [Username=user, Password=[PROTECTED], Enabled=true, AccountNonExpired=true, CredentialsNonExpired=true, AccountNonLocked=true, Granted Authorities=[ROLE_USER]], Credentials=[PROTECTED], Authenticated=true, Details=null, Granted Authorities=[ROLE_USER]]]}

Handler:
             Type = null

Async:
    Async started = false
     Async result = null

Resolved Exception:
             Type = null

ModelAndView:
        View name = null
             View = null
            Model = null

FlashMap:
       Attributes = null

MockHttpServletResponse:
           Status = 403
    Error message = Forbidden
          Headers = [Vary:"Origin", "Access-Control-Request-Method", "Access-Control-Request-Headers", X-Content-Type-Options:"nosniff", X-XSS-Protection:"0", Cache-Control:"no-cache, no-store, max-age=0, must-revalidate", Pragma:"no-cache", Expires:"0", X-Frame-Options:"DENY"]
     Content type = null
             Body = 
    Forwarded URL = null
   Redirected URL = null
          Cookies = []
]]></system-out>
  </testcase>
  <testcase name="getUserById_WhenUserExists_ShouldReturnUser" classname="com.example.jsonplaceholderclone.controller.UserControllerTest" time="0.306">
    <system-out><![CDATA[2025-06-13T17:55:18.173+02:00 DEBUG 19296 --- [           main] w.c.HttpSessionSecurityContextRepository : Created HttpSession as SecurityContext is non-default
2025-06-13T17:55:18.173+02:00 DEBUG 19296 --- [           main] w.c.HttpSessionSecurityContextRepository : Stored SecurityContextImpl [Authentication=UsernamePasswordAuthenticationToken [Principal=org.springframework.security.core.userdetails.User [Username=user, Password=[PROTECTED], Enabled=true, AccountNonExpired=true, CredentialsNonExpired=true, AccountNonLocked=true, Granted Authorities=[ROLE_USER]], Credentials=[PROTECTED], Authenticated=true, Details=null, Granted Authorities=[ROLE_USER]]] to HttpSession [org.springframework.mock.web.MockHttpSession@484302ee]
2025-06-13T17:55:18.176+02:00 DEBUG 19296 --- [           main] o.s.security.web.FilterChainProxy        : Securing GET /api/users/1
2025-06-13T17:55:18.187+02:00 DEBUG 19296 --- [           main] w.c.HttpSessionSecurityContextRepository : Retrieved SecurityContextImpl [Authentication=UsernamePasswordAuthenticationToken [Principal=org.springframework.security.core.userdetails.User [Username=user, Password=[PROTECTED], Enabled=true, AccountNonExpired=true, CredentialsNonExpired=true, AccountNonLocked=true, Granted Authorities=[ROLE_USER]], Credentials=[PROTECTED], Authenticated=true, Details=null, Granted Authorities=[ROLE_USER]]]
2025-06-13T17:55:18.189+02:00 DEBUG 19296 --- [           main] o.s.security.web.FilterChainProxy        : Secured GET /api/users/1
]]></system-out>
  </testcase>
  <testcase name="createUser_ShouldReturnCreatedUser" classname="com.example.jsonplaceholderclone.controller.UserControllerTest" time="0.022">
    <failure message="Status expected:&lt;200&gt; but was:&lt;403&gt;" type="java.lang.AssertionError"><![CDATA[java.lang.AssertionError: Status expected:<200> but was:<403>
	at org.springframework.test.util.AssertionErrors.fail(AssertionErrors.java:59)
	at org.springframework.test.util.AssertionErrors.assertEquals(AssertionErrors.java:122)
	at org.springframework.test.web.servlet.result.StatusResultMatchers.lambda$matcher$9(StatusResultMatchers.java:637)
	at org.springframework.test.web.servlet.MockMvc$1.andExpect(MockMvc.java:214)
	at com.example.jsonplaceholderclone.controller.UserControllerTest.createUser_ShouldReturnCreatedUser(UserControllerTest.java:87)
	at java.base/java.lang.reflect.Method.invoke(Method.java:580)
	at java.base/java.util.ArrayList.forEach(ArrayList.java:1597)
	at java.base/java.util.ArrayList.forEach(ArrayList.java:1597)
]]></failure>
    <system-out><![CDATA[2025-06-13T17:55:18.461+02:00 DEBUG 19296 --- [           main] w.c.HttpSessionSecurityContextRepository : Created HttpSession as SecurityContext is non-default
2025-06-13T17:55:18.463+02:00 DEBUG 19296 --- [           main] w.c.HttpSessionSecurityContextRepository : Stored SecurityContextImpl [Authentication=UsernamePasswordAuthenticationToken [Principal=org.springframework.security.core.userdetails.User [Username=user, Password=[PROTECTED], Enabled=true, AccountNonExpired=true, CredentialsNonExpired=true, AccountNonLocked=true, Granted Authorities=[ROLE_USER]], Credentials=[PROTECTED], Authenticated=true, Details=null, Granted Authorities=[ROLE_USER]]] to HttpSession [org.springframework.mock.web.MockHttpSession@6b64bf61]
2025-06-13T17:55:18.463+02:00 DEBUG 19296 --- [           main] o.s.security.web.FilterChainProxy        : Securing POST /api/users
2025-06-13T17:55:18.463+02:00 DEBUG 19296 --- [           main] o.s.security.web.csrf.CsrfFilter         : Invalid CSRF token found for http://localhost/api/users
2025-06-13T17:55:18.463+02:00 DEBUG 19296 --- [           main] o.s.s.w.access.AccessDeniedHandlerImpl   : Responding with 403 status code

MockHttpServletRequest:
      HTTP Method = POST
      Request URI = /api/users
       Parameters = {}
          Headers = [Content-Type:"application/json;charset=UTF-8", Content-Length:"346"]
             Body = {"id":1,"name":"Test User","username":"testuser","email":"test@example.com","address":{"id":1,"street":"Test Street","suite":"Test Suite","city":"Test City","zipcode":"12345","geo":null},"phone":"1234567890","website":"www.example.com","company":{"id":1,"name":"Test Company","catchPhrase":"Test Catch Phrase","bs":"Test BS"},"passwordHash":null}
    Session Attrs = {org.springframework.security.web.csrf.HttpSessionCsrfTokenRepository.CSRF_TOKEN=org.springframework.security.web.csrf.DefaultCsrfToken@1d5bb5c, SPRING_SECURITY_CONTEXT=SecurityContextImpl [Authentication=UsernamePasswordAuthenticationToken [Principal=org.springframework.security.core.userdetails.User [Username=user, Password=[PROTECTED], Enabled=true, AccountNonExpired=true, CredentialsNonExpired=true, AccountNonLocked=true, Granted Authorities=[ROLE_USER]], Credentials=[PROTECTED], Authenticated=true, Details=null, Granted Authorities=[ROLE_USER]]]}

Handler:
             Type = null

Async:
    Async started = false
     Async result = null

Resolved Exception:
             Type = null

ModelAndView:
        View name = null
             View = null
            Model = null

FlashMap:
       Attributes = null

MockHttpServletResponse:
           Status = 403
    Error message = Forbidden
          Headers = [Vary:"Origin", "Access-Control-Request-Method", "Access-Control-Request-Headers", X-Content-Type-Options:"nosniff", X-XSS-Protection:"0", Cache-Control:"no-cache, no-store, max-age=0, must-revalidate", Pragma:"no-cache", Expires:"0", X-Frame-Options:"DENY"]
     Content type = null
             Body = 
    Forwarded URL = null
   Redirected URL = null
          Cookies = []
]]></system-out>
  </testcase>
  <testcase name="getUserById_WhenUserDoesNotExist_ShouldReturnNotFound" classname="com.example.jsonplaceholderclone.controller.UserControllerTest" time="0.058">
    <system-out><![CDATA[2025-06-13T17:55:18.498+02:00 DEBUG 19296 --- [           main] w.c.HttpSessionSecurityContextRepository : Created HttpSession as SecurityContext is non-default
2025-06-13T17:55:18.501+02:00 DEBUG 19296 --- [           main] w.c.HttpSessionSecurityContextRepository : Stored SecurityContextImpl [Authentication=UsernamePasswordAuthenticationToken [Principal=org.springframework.security.core.userdetails.User [Username=user, Password=[PROTECTED], Enabled=true, AccountNonExpired=true, CredentialsNonExpired=true, AccountNonLocked=true, Granted Authorities=[ROLE_USER]], Credentials=[PROTECTED], Authenticated=true, Details=null, Granted Authorities=[ROLE_USER]]] to HttpSession [org.springframework.mock.web.MockHttpSession@60b553f]
2025-06-13T17:55:18.501+02:00 DEBUG 19296 --- [           main] o.s.security.web.FilterChainProxy        : Securing GET /api/users/1
2025-06-13T17:55:18.501+02:00 DEBUG 19296 --- [           main] w.c.HttpSessionSecurityContextRepository : Retrieved SecurityContextImpl [Authentication=UsernamePasswordAuthenticationToken [Principal=org.springframework.security.core.userdetails.User [Username=user, Password=[PROTECTED], Enabled=true, AccountNonExpired=true, CredentialsNonExpired=true, AccountNonLocked=true, Granted Authorities=[ROLE_USER]], Credentials=[PROTECTED], Authenticated=true, Details=null, Granted Authorities=[ROLE_USER]]]
2025-06-13T17:55:18.501+02:00 DEBUG 19296 --- [           main] o.s.security.web.FilterChainProxy        : Secured GET /api/users/1
]]></system-out>
  </testcase>
  <testcase name="deleteUser_ShouldReturnOk" classname="com.example.jsonplaceholderclone.controller.UserControllerTest" time="0.024">
    <failure message="Status expected:&lt;200&gt; but was:&lt;403&gt;" type="java.lang.AssertionError"><![CDATA[java.lang.AssertionError: Status expected:<200> but was:<403>
	at org.springframework.test.util.AssertionErrors.fail(AssertionErrors.java:59)
	at org.springframework.test.util.AssertionErrors.assertEquals(AssertionErrors.java:122)
	at org.springframework.test.web.servlet.result.StatusResultMatchers.lambda$matcher$9(StatusResultMatchers.java:637)
	at org.springframework.test.web.servlet.MockMvc$1.andExpect(MockMvc.java:214)
	at com.example.jsonplaceholderclone.controller.UserControllerTest.deleteUser_ShouldReturnOk(UserControllerTest.java:131)
	at java.base/java.lang.reflect.Method.invoke(Method.java:580)
	at java.base/java.util.ArrayList.forEach(ArrayList.java:1597)
	at java.base/java.util.ArrayList.forEach(ArrayList.java:1597)
]]></failure>
    <system-out><![CDATA[2025-06-13T17:55:18.566+02:00 DEBUG 19296 --- [           main] w.c.HttpSessionSecurityContextRepository : Created HttpSession as SecurityContext is non-default
2025-06-13T17:55:18.567+02:00 DEBUG 19296 --- [           main] w.c.HttpSessionSecurityContextRepository : Stored SecurityContextImpl [Authentication=UsernamePasswordAuthenticationToken [Principal=org.springframework.security.core.userdetails.User [Username=user, Password=[PROTECTED], Enabled=true, AccountNonExpired=true, CredentialsNonExpired=true, AccountNonLocked=true, Granted Authorities=[ROLE_USER]], Credentials=[PROTECTED], Authenticated=true, Details=null, Granted Authorities=[ROLE_USER]]] to HttpSession [org.springframework.mock.web.MockHttpSession@5d93ff21]
2025-06-13T17:55:18.568+02:00 DEBUG 19296 --- [           main] o.s.security.web.FilterChainProxy        : Securing DELETE /api/users/1
2025-06-13T17:55:18.571+02:00 DEBUG 19296 --- [           main] o.s.security.web.csrf.CsrfFilter         : Invalid CSRF token found for http://localhost/api/users/1
2025-06-13T17:55:18.571+02:00 DEBUG 19296 --- [           main] o.s.s.w.access.AccessDeniedHandlerImpl   : Responding with 403 status code

MockHttpServletRequest:
      HTTP Method = DELETE
      Request URI = /api/users/1
       Parameters = {}
          Headers = []
             Body = null
    Session Attrs = {org.springframework.security.web.csrf.HttpSessionCsrfTokenRepository.CSRF_TOKEN=org.springframework.security.web.csrf.DefaultCsrfToken@51fb5fe6, SPRING_SECURITY_CONTEXT=SecurityContextImpl [Authentication=UsernamePasswordAuthenticationToken [Principal=org.springframework.security.core.userdetails.User [Username=user, Password=[PROTECTED], Enabled=true, AccountNonExpired=true, CredentialsNonExpired=true, AccountNonLocked=true, Granted Authorities=[ROLE_USER]], Credentials=[PROTECTED], Authenticated=true, Details=null, Granted Authorities=[ROLE_USER]]]}

Handler:
             Type = null

Async:
    Async started = false
     Async result = null

Resolved Exception:
             Type = null

ModelAndView:
        View name = null
             View = null
            Model = null

FlashMap:
       Attributes = null

MockHttpServletResponse:
           Status = 403
    Error message = Forbidden
          Headers = [Vary:"Origin", "Access-Control-Request-Method", "Access-Control-Request-Headers", X-Content-Type-Options:"nosniff", X-XSS-Protection:"0", Cache-Control:"no-cache, no-store, max-age=0, must-revalidate", Pragma:"no-cache", Expires:"0", X-Frame-Options:"DENY"]
     Content type = null
             Body = 
    Forwarded URL = null
   Redirected URL = null
          Cookies = []
]]></system-out>
  </testcase>
  <testcase name="getAllUsers_ShouldReturnUsers" classname="com.example.jsonplaceholderclone.controller.UserControllerTest" time="0.048">
    <system-out><![CDATA[2025-06-13T17:55:18.584+02:00 DEBUG 19296 --- [           main] w.c.HttpSessionSecurityContextRepository : Created HttpSession as SecurityContext is non-default
2025-06-13T17:55:18.584+02:00 DEBUG 19296 --- [           main] w.c.HttpSessionSecurityContextRepository : Stored SecurityContextImpl [Authentication=UsernamePasswordAuthenticationToken [Principal=org.springframework.security.core.userdetails.User [Username=user, Password=[PROTECTED], Enabled=true, AccountNonExpired=true, CredentialsNonExpired=true, AccountNonLocked=true, Granted Authorities=[ROLE_USER]], Credentials=[PROTECTED], Authenticated=true, Details=null, Granted Authorities=[ROLE_USER]]] to HttpSession [org.springframework.mock.web.MockHttpSession@55397d15]
2025-06-13T17:55:18.584+02:00 DEBUG 19296 --- [           main] o.s.security.web.FilterChainProxy        : Securing GET /api/users
2025-06-13T17:55:18.584+02:00 DEBUG 19296 --- [           main] w.c.HttpSessionSecurityContextRepository : Retrieved SecurityContextImpl [Authentication=UsernamePasswordAuthenticationToken [Principal=org.springframework.security.core.userdetails.User [Username=user, Password=[PROTECTED], Enabled=true, AccountNonExpired=true, CredentialsNonExpired=true, AccountNonLocked=true, Granted Authorities=[ROLE_USER]], Credentials=[PROTECTED], Authenticated=true, Details=null, Granted Authorities=[ROLE_USER]]]
2025-06-13T17:55:18.590+02:00 DEBUG 19296 --- [           main] o.s.security.web.FilterChainProxy        : Secured GET /api/users
]]></system-out>
  </testcase>
  <testcase name="updateUser_WhenUserExists_ShouldReturnUpdatedUser" classname="com.example.jsonplaceholderclone.controller.UserControllerTest" time="0.025">
    <failure message="Status expected:&lt;200&gt; but was:&lt;403&gt;" type="java.lang.AssertionError"><![CDATA[java.lang.AssertionError: Status expected:<200> but was:<403>
	at org.springframework.test.util.AssertionErrors.fail(AssertionErrors.java:59)
	at org.springframework.test.util.AssertionErrors.assertEquals(AssertionErrors.java:122)
	at org.springframework.test.web.servlet.result.StatusResultMatchers.lambda$matcher$9(StatusResultMatchers.java:637)
	at org.springframework.test.web.servlet.MockMvc$1.andExpect(MockMvc.java:214)
	at com.example.jsonplaceholderclone.controller.UserControllerTest.updateUser_WhenUserExists_ShouldReturnUpdatedUser(UserControllerTest.java:103)
	at java.base/java.lang.reflect.Method.invoke(Method.java:580)
	at java.base/java.util.ArrayList.forEach(ArrayList.java:1597)
	at java.base/java.util.ArrayList.forEach(ArrayList.java:1597)
]]></failure>
    <system-out><![CDATA[2025-06-13T17:55:18.651+02:00 DEBUG 19296 --- [           main] w.c.HttpSessionSecurityContextRepository : Created HttpSession as SecurityContext is non-default
2025-06-13T17:55:18.651+02:00 DEBUG 19296 --- [           main] w.c.HttpSessionSecurityContextRepository : Stored SecurityContextImpl [Authentication=UsernamePasswordAuthenticationToken [Principal=org.springframework.security.core.userdetails.User [Username=user, Password=[PROTECTED], Enabled=true, AccountNonExpired=true, CredentialsNonExpired=true, AccountNonLocked=true, Granted Authorities=[ROLE_USER]], Credentials=[PROTECTED], Authenticated=true, Details=null, Granted Authorities=[ROLE_USER]]] to HttpSession [org.springframework.mock.web.MockHttpSession@4d525897]
2025-06-13T17:55:18.651+02:00 DEBUG 19296 --- [           main] o.s.security.web.FilterChainProxy        : Securing PUT /api/users/1
2025-06-13T17:55:18.651+02:00 DEBUG 19296 --- [           main] o.s.security.web.csrf.CsrfFilter         : Invalid CSRF token found for http://localhost/api/users/1
2025-06-13T17:55:18.651+02:00 DEBUG 19296 --- [           main] o.s.s.w.access.AccessDeniedHandlerImpl   : Responding with 403 status code

MockHttpServletRequest:
      HTTP Method = PUT
      Request URI = /api/users/1
       Parameters = {}
          Headers = [Content-Type:"application/json;charset=UTF-8", Content-Length:"346"]
             Body = {"id":1,"name":"Test User","username":"testuser","email":"test@example.com","address":{"id":1,"street":"Test Street","suite":"Test Suite","city":"Test City","zipcode":"12345","geo":null},"phone":"1234567890","website":"www.example.com","company":{"id":1,"name":"Test Company","catchPhrase":"Test Catch Phrase","bs":"Test BS"},"passwordHash":null}
    Session Attrs = {org.springframework.security.web.csrf.HttpSessionCsrfTokenRepository.CSRF_TOKEN=org.springframework.security.web.csrf.DefaultCsrfToken@25f14e93, SPRING_SECURITY_CONTEXT=SecurityContextImpl [Authentication=UsernamePasswordAuthenticationToken [Principal=org.springframework.security.core.userdetails.User [Username=user, Password=[PROTECTED], Enabled=true, AccountNonExpired=true, CredentialsNonExpired=true, AccountNonLocked=true, Granted Authorities=[ROLE_USER]], Credentials=[PROTECTED], Authenticated=true, Details=null, Granted Authorities=[ROLE_USER]]]}

Handler:
             Type = null

Async:
    Async started = false
     Async result = null

Resolved Exception:
             Type = null

ModelAndView:
        View name = null
             View = null
            Model = null

FlashMap:
       Attributes = null

MockHttpServletResponse:
           Status = 403
    Error message = Forbidden
          Headers = [Vary:"Origin", "Access-Control-Request-Method", "Access-Control-Request-Headers", X-Content-Type-Options:"nosniff", X-XSS-Protection:"0", Cache-Control:"no-cache, no-store, max-age=0, must-revalidate", Pragma:"no-cache", Expires:"0", X-Frame-Options:"DENY"]
     Content type = null
             Body = 
    Forwarded URL = null
   Redirected URL = null
          Cookies = []
]]></system-out>
  </testcase>
</testsuite>